<?xml version="1.0" encoding="UTF-8"?>
<testsuite name="org.example.CalExam1Test" tests="1" skipped="0" failures="0" errors="0" timestamp="2023-01-25T13:11:52" hostname="KIM-PC" time="0.02">
  <properties/>
  <testcase name="add()" classname="org.example.CalExam1Test" time="0.02"/>
  <system-out><![CDATA[]]></system-out>
  <system-err><![CDATA[]]></system-err>
</testsuite>
